
ROM used:   3665/8192 (45%)
            3672/8192 (45%) including unused fragments

            2.1 Average locations per line
            8.7 Average locations per statement

RAM used:   59/368 (16%) at main() level
            101/368 (27%) worst case

Stack used: 8 worst case (8 in main + 0 for interrupts)
Stack size: 8

Lines Stmts  %   Files
----- ----- ---  -----
  469   295  70  Coctelera_1.c
  671     0   0  C:\Program Files (x86)\PICC\Devices\16F877A.h
  456    84  20  lcdm.c
  141    43  10  KBD4X4.c
----- -----
 1737   422 Total

Page ROM  %  RAM   Vol Diff  Functions:
---- --- --- ---   --- ----  ----------
0     21   1    1             @delay_ms1
 Inline         3   596  5.9  lcd_read_byte
0      6   0    0    59  4.2  lcd_read_nibble
0     20   1    1   181  3.9  lcd_send_nibble
0     95   3    3   415  3.7  lcd_send_byte
0     73   2    6   770  7.2  lcd_init
0     18   0    4   208  6.3  lcd_gotoxy
0     44   1    1   354  4.7  lcd_putc
0     20   1    0             @const661
0      3   0    0     3  0.0  kbd_init
0    103   3    3  5853 10.1  kbd_getc
0      8   0    0             @goto10680
0     84   2    0    82  1.5  MAIN
0    223   6    1  1233  1.9  menu_principal
0      1   0    0             @const707
0     86   2    4             @PSTRINGC7_648
0     10   0    0             @const709
0      5   0    0             @const710
0      5   0    0             @const711
0      5   0    0             @const712
0      1   0    0             @const713
0     10   0    0             @const714
0      5   0    0             @const715
0      6   0    0             @const716
0      7   0    0             @const717
0      1   0    0             @const718
0     10   0    0             @const719
0      7   0    0             @const720
0      7   0    0             @const721
0      5   0    0             @const722
0      1   0    0             @const723
 Inline         5   300  1.8  mostrar_cambio
0      1   0    0             @const724
0     10   0    0             @const725
0     11   0    0             @const726
0     12   0    0             @const727
0     87   2    5             @PSTRINGCN7_648
 Inline        13             @MULFF
 Inline         5             @FTOSD
0     81   2   13             @DIV3232
0    356  10   13             @PRINTF_L32D_648FPFPF
0      1   0    0             @const741
1   1166  32    5  1289  4.3  seleccionar_cafe
0      1   0    0             @const744
1     13   0    0             @goto10894
1    445  12    4   866  6.3  mostrar_precio
0      8   0    0             @const755
0     10   0    0             @const756
0      5   0    0             @const757
0      5   0    0             @const758
0    321   9   16             @ADDFF
0      5   0    0             @const763
 Inline        10             @FLT
 Inline         0   188  1.7  mostrar_menu_cafe
0      1   0    0             @const769
0     10   0    0             @const770
0      9   0    0             @const771
0      8   0    0             @const772
0     79   2    2   242  6.3  menu_seleccion
 Inline         1   469  2.3  Mocca
0      1   0    0             @const774
0      4   0    0             @const775
0      1   0    0             @const776
0      7   0    0             @const777
 Inline         1   388  2.3  Irish
0      1   0    0             @const778
0      4   0    0             @const779
0      1   0    0             @const780
0      7   0    0             @const781
 Inline         1   388  2.3  Latte
0      1   0    0             @const782
0      4   0    0             @const783
0      1   0    0             @const784
0      7   0    0             @const785
 Inline         1   310  2.3  Frappe
0      1   0    0             @const786
0      5   0    0             @const787
0      1   0    0             @const788
0      7   0    0             @const789
 Inline         1   388  2.3  Azteca
0      1   0    0             @const790
0      5   0    0             @const791
0      1   0    0             @const792
0      7   0    0             @const793
 Inline         1   310  2.3  Americano
0      1   0    0             @const794
0      6   0    0             @const795
0      1   0    0             @const796
0      7   0    0             @const797
 Inline         1   310  2.3  Carajillo
0      1   0    0             @const798
0      6   0    0             @const799
0      1   0    0             @const800
0      7   0    0             @const801
 Inline         1   388  2.3  Capuccino
0      1   0    0             @const802
0      6   0    0             @const803
0      1   0    0             @const804
0      7   0    0             @const805
 Inline         1   310  2.3  Vienes
0      1   0    0             @const806
0      5   0    0             @const807
0      1   0    0             @const808
0      7   0    0             @const809
 Inline         0             @cinit1

Program metrics:
    Functions               25
    Statements              422
    Comments                274
    Volume (V)              25995
    Difficulty (D)          83.5
    Effort to implement (E) 2171575
    Time to implement (T)   33 hours, 31 minutes
    Est Delivered Bugs (B)  6
    Cyclomatic Complexity   35
    Maintainability (MI)    43

 Segment     Used  Free
-----------  ----  ----
00000-00003     4  0  
00004-007FF  2037  7  
00800-00FFF  1624  424  
01000-017FF     0  2048  
01800-01FFF     0  2048  



