CCS PCM C Compiler, Version 5.015, 5967               12-may-23 18:44

               Filename:   W:\Doble pic\DoblePic.lst

               ROM used:   727 words (9%)
                           Largest free fragment is 2048
               RAM used:   9 (2%) at main() level
                           25 (7%) worst case
               Stack used: 5 locations
               Stack size: 8

*
0000:  MOVLW  02
0001:  MOVWF  0A
0002:  GOTO   264
0003:  NOP
.................... #include<16F877A.h> 
.................... //////////// Standard Header file for the PIC16F877A device //////////////// 
.................... /////////////////////////////////////////////////////////////////////////// 
.................... ////        (C) Copyright 1996, 2013 Custom Computer Services          //// 
.................... //// This source code may only be used by licensed users of the CCS C  //// 
.................... //// compiler.  This source code may only be distributed to other      //// 
.................... //// licensed users of the CCS C compiler.  No other use, reproduction //// 
.................... //// or distribution is permitted without written permission.          //// 
.................... //// Derivative programs created using this software in object code    //// 
.................... //// form are not restricted in any way.                               //// 
.................... /////////////////////////////////////////////////////////////////////////// 
.................... #device PIC16F877A 
0004:  BCF    0A.0
0005:  BCF    0A.1
0006:  BCF    0A.2
0007:  ADDWF  02,F
0008:  RETLW  31
0009:  RETLW  32
000A:  RETLW  33
000B:  RETLW  41
000C:  RETLW  34
000D:  RETLW  35
000E:  RETLW  36
000F:  RETLW  42
0010:  RETLW  37
0011:  RETLW  38
0012:  RETLW  39
0013:  RETLW  43
0014:  RETLW  2A
0015:  RETLW  30
0016:  RETLW  23
0017:  RETLW  44
0018:  DATA A0,24
0019:  DATA 4E,2A
001A:  DATA 45,29
001B:  DATA C1,21
001C:  DATA C3,24
001D:  DATA 4F,27
001E:  DATA 20,29
001F:  DATA 41,26
0020:  DATA 55,10
0021:  DATA 00,00
0022:  DATA 45,37
0023:  DATA F6,34
0024:  DATA 61,37
0025:  DATA E4,37
0026:  DATA 3A,10
0027:  DATA A5,31
0028:  DATA 20,10
0029:  DATA 20,10
002A:  DATA 20,10
002B:  DATA 20,00
002C:  DATA D2,32
002D:  DATA E3,34
002E:  DATA E2,34
002F:  DATA E4,37
0030:  DATA 3A,10
0031:  DATA A5,31
0032:  DATA 20,10
0033:  DATA 20,10
0034:  DATA 20,10
0035:  DATA 20,00
*
0144:  MOVF   0B,W
0145:  MOVWF  26
0146:  BCF    0B.7
0147:  BSF    03.5
0148:  BSF    03.6
0149:  BSF    0C.7
014A:  BSF    0C.0
014B:  NOP
014C:  NOP
014D:  BCF    03.5
014E:  BCF    03.6
014F:  BTFSC  26.7
0150:  BSF    0B.7
0151:  BSF    03.6
0152:  MOVF   0C,W
0153:  ANDLW  7F
0154:  BTFSC  03.2
0155:  GOTO   198
0156:  BCF    03.6
0157:  MOVWF  26
0158:  BSF    03.6
0159:  MOVF   0D,W
015A:  BCF    03.6
015B:  MOVWF  27
015C:  BSF    03.6
015D:  MOVF   0F,W
015E:  BCF    03.6
015F:  MOVWF  28
0160:  MOVF   26,W
0161:  MOVWF  2A
0162:  CALL   118
0163:  MOVF   27,W
0164:  BSF    03.6
0165:  MOVWF  0D
0166:  BCF    03.6
0167:  MOVF   28,W
0168:  BSF    03.6
0169:  MOVWF  0F
016A:  BCF    03.6
016B:  MOVF   0B,W
016C:  MOVWF  29
016D:  BCF    0B.7
016E:  BSF    03.5
016F:  BSF    03.6
0170:  BSF    0C.7
0171:  BSF    0C.0
0172:  NOP
0173:  NOP
0174:  BCF    03.5
0175:  BCF    03.6
0176:  BTFSC  29.7
0177:  BSF    0B.7
0178:  BSF    03.6
0179:  RLF    0C,W
017A:  RLF    0E,W
017B:  ANDLW  7F
017C:  BTFSC  03.2
017D:  GOTO   198
017E:  BCF    03.6
017F:  MOVWF  26
0180:  BSF    03.6
0181:  MOVF   0D,W
0182:  BCF    03.6
0183:  MOVWF  27
0184:  BSF    03.6
0185:  MOVF   0F,W
0186:  BCF    03.6
0187:  MOVWF  28
0188:  MOVF   26,W
0189:  MOVWF  2A
018A:  CALL   118
018B:  MOVF   27,W
018C:  BSF    03.6
018D:  MOVWF  0D
018E:  BCF    03.6
018F:  MOVF   28,W
0190:  BSF    03.6
0191:  MOVWF  0F
0192:  INCF   0D,F
0193:  BTFSC  03.2
0194:  INCF   0F,F
0195:  BCF    03.6
0196:  GOTO   144
0197:  BSF    03.6
0198:  BCF    03.6
0199:  BCF    0A.3
019A:  BCF    0A.4
019B:  GOTO   28D (RETURN)
*
0205:  BCF    0A.0
0206:  BSF    0A.1
0207:  BCF    0A.2
0208:  ADDWF  02,F
0209:  GOTO   1A8
020A:  GOTO   1AE
020B:  GOTO   1B4
020C:  GOTO   1BA
020D:  MOVF   0B,W
020E:  MOVWF  27
020F:  BCF    0B.7
0210:  BSF    03.5
0211:  BSF    03.6
0212:  BSF    0C.7
0213:  BSF    0C.0
0214:  NOP
0215:  NOP
0216:  BCF    03.5
0217:  BCF    03.6
0218:  BTFSC  27.7
0219:  BSF    0B.7
021A:  BTFSC  03.0
021B:  GOTO   244
021C:  BSF    03.6
021D:  MOVF   0C,W
021E:  ANDLW  7F
021F:  BCF    03.6
0220:  MOVWF  27
0221:  BSF    03.6
0222:  MOVF   0D,W
0223:  BCF    03.6
0224:  MOVWF  28
0225:  BSF    03.6
0226:  MOVF   0F,W
0227:  BCF    03.6
0228:  MOVWF  29
0229:  MOVF   27,W
022A:  MOVWF  2A
022B:  CALL   118
022C:  MOVF   28,W
022D:  BSF    03.6
022E:  MOVWF  0D
022F:  BCF    03.6
0230:  MOVF   29,W
0231:  BSF    03.6
0232:  MOVWF  0F
0233:  BCF    03.6
0234:  MOVF   0B,W
0235:  MOVWF  2A
0236:  BCF    0B.7
0237:  BSF    03.5
0238:  BSF    03.6
0239:  BSF    0C.7
023A:  BSF    0C.0
023B:  NOP
023C:  NOP
023D:  BCF    03.5
023E:  BCF    03.6
023F:  BTFSC  2A.7
0240:  BSF    0B.7
0241:  DECFSZ 26,F
0242:  GOTO   244
0243:  GOTO   263
0244:  BSF    03.6
0245:  RLF    0C,W
0246:  RLF    0E,W
0247:  ANDLW  7F
0248:  BCF    03.6
0249:  MOVWF  27
024A:  BSF    03.6
024B:  MOVF   0D,W
024C:  BCF    03.6
024D:  MOVWF  28
024E:  BSF    03.6
024F:  MOVF   0F,W
0250:  BCF    03.6
0251:  MOVWF  29
0252:  MOVF   27,W
0253:  MOVWF  2A
0254:  CALL   118
0255:  MOVF   28,W
0256:  BSF    03.6
0257:  MOVWF  0D
0258:  BCF    03.6
0259:  MOVF   29,W
025A:  BSF    03.6
025B:  MOVWF  0F
025C:  INCF   0D,F
025D:  BTFSC  03.2
025E:  INCF   0F,F
025F:  BCF    03.0
0260:  BCF    03.6
0261:  DECFSZ 26,F
0262:  GOTO   20D
0263:  RETURN
....................  
.................... #list 
....................  
.................... #FUSES XT,NOWDT,NOPROTECT,NOLVP 
.................... #USE DELAY(CLOCK=4000000) 
*
0036:  MOVLW  2B
0037:  MOVWF  04
0038:  BCF    03.7
0039:  MOVF   00,W
003A:  BTFSC  03.2
003B:  GOTO   04A
003C:  MOVLW  01
003D:  MOVWF  78
003E:  CLRF   77
003F:  DECFSZ 77,F
0040:  GOTO   03F
0041:  DECFSZ 78,F
0042:  GOTO   03E
0043:  MOVLW  4A
0044:  MOVWF  77
0045:  DECFSZ 77,F
0046:  GOTO   045
0047:  GOTO   048
0048:  DECFSZ 00,F
0049:  GOTO   03C
004A:  RETURN
.................... #USE RS232(baud=9600,xmit=pin_c6,rcv=pin_c7,bits=8) 
.................... #define lcd_enable_pin pin_E0 
.................... #define lcd_rs_pin pin_E1 
.................... #define lcd_rw_pin pin_E2 
.................... #byte portd = 0xf83 
.................... #include<lcdm.c> 
.................... /////////////////////////////////////////////////////////////////////////////// 
.................... ////                             LCD.C                                     //// 
.................... ////                 Driver for common LCD modules                         //// 
.................... ////                                                                       //// 
.................... ////  lcd_init()   Must be called before any other function.               //// 
.................... ////                                                                       //// 
.................... ////  lcd_putc(c)  Will display c on the next position of the LCD.         //// 
.................... ////                 \a  Set cursor position to upper left                 //// 
.................... ////                 \f  Clear display, set cursor to upper left           //// 
.................... ////                 \n  Go to start of second line                        //// 
.................... ////                 \b  Move back one position                            //// 
.................... ////              If LCD_EXTENDED_NEWLINE is defined, the \n character     //// 
.................... ////              will erase all remanining characters on the current      //// 
.................... ////              line, and move the cursor to the beginning of the next   //// 
.................... ////              line.                                                    //// 
.................... ////              If LCD_EXTENDED_NEWLINE is defined, the \r character     //// 
.................... ////              will move the cursor to the start of the current         //// 
.................... ////              line.                                                    //// 
.................... ////                                                                       //// 
.................... ////  lcd_gotoxy(x,y) Set write position on LCD (upper left is 1,1)        //// 
.................... ////                                                                       //// 
.................... ////  lcd_getc(x,y)   Returns character at position x,y on LCD             //// 
.................... ////                                                                       //// 
.................... ////  lcd_cursor_on(int1 on)   Turn the cursor on (on=TRUE) or off         //// 
.................... ////              (on=FALSE).                                              //// 
.................... ////                                                                       //// 
.................... ////  lcd_set_cgram_char(w, *p)   Write a custom character to the CGRAM.   //// 
.................... ////                                                                       //// 
.................... ////                                                                       //// 
.................... ////  CONFIGURATION                                                        //// 
.................... ////  The LCD can be configured in one of two ways: a.) port access or     //// 
.................... ////  b.) pin access.  Port access requires the entire 7 bit interface     //// 
.................... ////  connected to one GPIO port, and the data bits (D4:D7 of the LCD)     //// 
.................... ////  connected to sequential pins on the GPIO.  Pin access                //// 
.................... ////  has no requirements, all 7 bits of the control interface can         //// 
.................... ////  can be connected to any GPIO using several ports.                    //// 
.................... ////                                                                       //// 
.................... ////  To use port access, #define LCD_DATA_PORT to the SFR location of     //// 
.................... ////  of the GPIO port that holds the interface, -AND- edit LCD_PIN_MAP    //// 
.................... ////  of this file to configure the pin order.  If you are using a         //// 
.................... ////  baseline PIC (PCB), then LCD_OUTPUT_MAP and LCD_INPUT_MAP also must  //// 
.................... ////  be defined.                                                          //// 
.................... ////                                                                       //// 
.................... ////  Example of port access:                                              //// 
.................... ////     #define LCD_DATA_PORT getenv("SFR:PORTD")                         //// 
.................... ////                                                                       //// 
.................... ////  To use pin access, the following pins must be defined:               //// 
.................... ////     LCD_ENABLE_PIN                                                    //// 
.................... ////     LCD_RS_PIN                                                        //// 
.................... ////     LCD_RW_PIN                                                        //// 
.................... ////     LCD_DATA4                                                         //// 
.................... ////     LCD_DATA5                                                         //// 
.................... ////     LCD_DATA6                                                         //// 
.................... ////     LCD_DATA7                                                         //// 
.................... ////                                                                       //// 
.................... ////  Example of pin access:                                               //// 
.................... ////     #define LCD_ENABLE_PIN  PIN_E0                                    //// 
.................... ////     #define LCD_RS_PIN      PIN_E1                                    //// 
.................... ////     #define LCD_RW_PIN      PIN_E2                                    //// 
.................... ////     #define LCD_DATA4       PIN_D4                                    //// 
.................... ////     #define LCD_DATA5       PIN_D5                                    //// 
.................... ////     #define LCD_DATA6       PIN_D6                                    //// 
.................... ////     #define LCD_DATA7       PIN_D7                                    //// 
.................... ////                                                                       //// 
.................... /////////////////////////////////////////////////////////////////////////////// 
.................... ////        (C) Copyright 1996,2010 Custom Computer Services           //// 
.................... //// This source code may only be used by licensed users of the CCS C  //// 
.................... //// compiler.  This source code may only be distributed to other      //// 
.................... //// licensed users of the CCS C compiler.  No other use, reproduction //// 
.................... //// or distribution is permitted without written permission.          //// 
.................... //// Derivative programs created using this software in object code    //// 
.................... //// form are not restricted in any way.                               //// 
.................... /////////////////////////////////////////////////////////////////////////// 
....................  
.................... #ifndef __LCD_C__ 
.................... #define __LCD_C__ 
....................  
.................... // define the pinout. 
.................... // only required if port access is being used. 
.................... typedef struct   
.................... {                            // This structure is overlayed 
....................    int1 enable;           // on to an I/O port to gain 
....................    int1 rs;               // access to the LCD pins. 
....................    int1 rw;               // The bits are allocated from 
....................    int1 unused;           // low order up.  ENABLE will 
....................    unsigned int     data : 4;         // be LSB pin of that port. 
....................   #if defined(__PCD__)       // The port used will be LCD_DATA_PORT. 
....................    unsigned int    reserved: 8; 
....................   #endif 
.................... } LCD_PIN_MAP; 
....................  
.................... // this is to improve compatability with previous LCD drivers that accepted 
.................... // a define labeled 'use_portb_lcd' that configured the LCD onto port B. 
.................... #if ((defined(use_portb_lcd)) && (use_portb_lcd==TRUE)) 
....................  #define LCD_DATA_PORT getenv("SFR:PORTB") 
.................... #endif 
....................  
.................... #if defined(__PCB__) 
....................    // these definitions only need to be modified for baseline PICs. 
....................    // all other PICs use LCD_PIN_MAP or individual LCD_xxx pin definitions. 
.................... /*                                    EN, RS,   RW,   UNUSED,  DATA  */ 
....................  const LCD_PIN_MAP LCD_OUTPUT_MAP =  {0,  0,    0,    0,       0}; 
....................  const LCD_PIN_MAP LCD_INPUT_MAP =   {0,  0,    0,    0,       0xF}; 
.................... #endif 
....................  
.................... ////////////////////// END CONFIGURATION /////////////////////////////////// 
....................  
.................... #ifndef LCD_ENABLE_PIN 
....................    #define lcd_output_enable(x) lcdlat.enable=x 
....................    #define lcd_enable_tris()   lcdtris.enable=0 
.................... #else 
....................    #define lcd_output_enable(x) output_bit(LCD_ENABLE_PIN, x) 
....................    #define lcd_enable_tris()  output_drive(LCD_ENABLE_PIN) 
.................... #endif 
....................  
.................... #ifndef LCD_RS_PIN //PIN RS 
....................    #define lcd_output_rs(x) lcdlat.rs=x 
....................    #define lcd_rs_tris()   lcdtris.rs=0 
.................... #else //SI NO PIN RS 
....................    #define lcd_output_rs(x) output_bit(LCD_RS_PIN, x) 
....................    #define lcd_rs_tris()  output_drive(LCD_RS_PIN) 
.................... #endif 
....................  
.................... #ifndef LCD_RW_PIN 
....................    #define lcd_output_rw(x) lcdlat.rw=x 
....................    #define lcd_rw_tris()   lcdtris.rw=0 
.................... #else 
....................    #define lcd_output_rw(x) output_bit(LCD_RW_PIN, x) 
....................    #define lcd_rw_tris()  output_drive(LCD_RW_PIN) 
.................... #endif 
....................  
.................... // original version of this library incorrectly labeled LCD_DATA0 as LCD_DATA4, 
.................... // LCD_DATA1 as LCD_DATA5, and so on.  this block of code makes the driver 
.................... // compatible with any code written for the original library 
.................... #if (defined(LCD_DATA0) && defined(LCD_DATA1) && defined(LCD_DATA2) && defined(LCD_DATA3) && !defined(LCD_DATA4) && !defined(LCD_DATA5) && !defined(LCD_DATA6) && !defined(LCD_DATA7)) 
....................    #define  LCD_DATA4    LCD_DATA0 
....................    #define  LCD_DATA5    LCD_DATA1 
....................    #define  LCD_DATA6    LCD_DATA2 
....................    #define  LCD_DATA7    LCD_DATA3 
.................... #endif 
....................  
.................... #ifndef LCD_DATA4 
.................... #ifndef LCD_DATA_PORT 
....................    #if defined(__PCB__) 
....................       #define LCD_DATA_PORT      0x06     //portb 
....................       #define set_tris_lcd(x)   set_tris_b(x) 
....................    #else 
....................      #if defined(PIN_D0) 
....................      // #define LCD_DATA_PORT      getenv("SFR:PORTD")     //portd 
....................      //#else 
....................       #define LCD_DATA_PORT      getenv("SFR:PORTB")     //portb 
....................      #endif 
....................    #endif    
.................... #endif 
....................  
.................... #if defined(__PCB__) 
....................    LCD_PIN_MAP lcd, lcdlat; 
....................    #byte lcd = LCD_DATA_PORT 
....................    #byte lcdlat = LCD_DATA_PORT 
.................... #elif defined(__PCM__) 
....................    LCD_PIN_MAP lcd, lcdlat, lcdtris; 
....................    #byte lcd = LCD_DATA_PORT 
....................    #byte lcdlat = LCD_DATA_PORT 
....................    #byte lcdtris = LCD_DATA_PORT+0x80 
.................... #elif defined(__PCH__) 
....................    LCD_PIN_MAP lcd, lcdlat, lcdtris; 
....................    #byte lcd = LCD_DATA_PORT 
....................    #byte lcdlat = LCD_DATA_PORT+9 
....................    #byte lcdtris = LCD_DATA_PORT+0x12 
.................... #elif defined(__PCD__) 
....................    LCD_PIN_MAP lcd, lcdlat, lcdtris; 
....................    #word lcd = LCD_DATA_PORT 
....................    #word lcdlat = LCD_DATA_PORT+2 
....................    #word lcdtris = LCD_DATA_PORT-0x02 
.................... #endif 
.................... #endif   //LCD_DATA4 not defined 
....................  
.................... #ifndef LCD_TYPE 
....................    #define LCD_TYPE 2           // 0=5x7, 1=5x10, 2=2 lines 
.................... #endif 
....................  
.................... #ifndef LCD_LINE_TWO 
....................    #define LCD_LINE_TWO 0x40    // LCD RAM address for the second line 
.................... #endif 
....................  
.................... #ifndef LCD_LINE_LENGTH 
....................    #define LCD_LINE_LENGTH 20 
.................... #endif 
....................  
.................... unsigned int8 lcd_read_nibble(void); 
....................  
.................... unsigned int8 lcd_read_byte(void) 
.................... { 
....................    unsigned int8 low,high; 
....................  
....................  #if defined(__PCB__) 
....................    set_tris_lcd(LCD_INPUT_MAP); 
....................  #else 
....................   #if (defined(LCD_DATA4) && defined(LCD_DATA5) && defined(LCD_DATA6) && defined(LCD_DATA7)) 
....................    output_float(LCD_DATA4); 
....................    output_float(LCD_DATA5); 
....................    output_float(LCD_DATA6); 
....................    output_float(LCD_DATA7); 
....................   #else 
....................    lcdtris.data = 0xF; 
*
006B:  MOVLW  0F
006C:  ANDWF  06,W
006D:  IORLW  F0
006E:  MOVWF  06
....................   #endif 
....................  #endif 
....................          
....................    lcd_output_rw(1); 
006F:  BCF    03.5
0070:  BSF    09.2
0071:  BSF    03.5
0072:  BCF    09.2
....................    delay_cycles(1); 
0073:  NOP
....................    lcd_output_enable(1); 
0074:  BCF    03.5
0075:  BSF    09.0
0076:  BSF    03.5
0077:  BCF    09.0
....................    delay_cycles(1); 
0078:  NOP
....................    high = lcd_read_nibble(); 
0079:  BCF    03.5
007A:  CALL   05D
007B:  MOVF   78,W
007C:  MOVWF  32
....................        
....................    lcd_output_enable(0); 
007D:  BCF    09.0
007E:  BSF    03.5
007F:  BCF    09.0
....................    delay_cycles(1); 
0080:  NOP
....................    lcd_output_enable(1); 
0081:  BCF    03.5
0082:  BSF    09.0
0083:  BSF    03.5
0084:  BCF    09.0
....................    delay_us(1); 
0085:  NOP
....................    low = lcd_read_nibble(); 
0086:  BCF    03.5
0087:  CALL   05D
0088:  MOVF   78,W
0089:  MOVWF  31
....................        
....................    lcd_output_enable(0); 
008A:  BCF    09.0
008B:  BSF    03.5
008C:  BCF    09.0
....................  
....................  #if defined(__PCB__) 
....................    set_tris_lcd(LCD_OUTPUT_MAP); 
....................  #else 
....................   #if (defined(LCD_DATA4) && defined(LCD_DATA5) && defined(LCD_DATA6) && defined(LCD_DATA7)) 
....................    output_drive(LCD_DATA4); 
....................    output_drive(LCD_DATA5); 
....................    output_drive(LCD_DATA6); 
....................    output_drive(LCD_DATA7); 
....................   #else 
....................    lcdtris.data = 0x0; 
008D:  MOVLW  0F
008E:  ANDWF  06,W
008F:  MOVWF  06
....................   #endif 
....................  #endif 
....................  
....................    return( (high<<4) | low); 
0090:  BCF    03.5
0091:  SWAPF  32,W
0092:  MOVWF  77
0093:  MOVLW  F0
0094:  ANDWF  77,F
0095:  MOVF   77,W
0096:  IORWF  31,W
0097:  MOVWF  78
.................... } 
....................  
.................... unsigned int8 lcd_read_nibble(void) 
.................... { 
....................   #if (defined(LCD_DATA4) && defined(LCD_DATA5) && defined(LCD_DATA6) && defined(LCD_DATA7)) 
....................    unsigned int8 n = 0x00; 
....................  
....................    /* Read the data port */ 
....................    n |= input(LCD_DATA4); 
....................    n |= input(LCD_DATA5) << 1; 
....................    n |= input(LCD_DATA6) << 2; 
....................    n |= input(LCD_DATA7) << 3; 
....................     
....................    return(n); 
....................   #else 
....................    return(lcd.data); 
*
005D:  MOVF   06,W
005E:  MOVWF  77
005F:  SWAPF  06,W
0060:  ANDLW  0F
0061:  MOVWF  78
....................   #endif 
0062:  RETURN
.................... } 
....................  
.................... void lcd_send_nibble(unsigned int8 n) 
.................... { 
....................   #if (defined(LCD_DATA4) && defined(LCD_DATA5) && defined(LCD_DATA6) && defined(LCD_DATA7)) 
....................    /* Write to the data port */ 
....................    output_bit(LCD_DATA4, bit_test(n, 0)); 
....................    output_bit(LCD_DATA5, bit_test(n, 1)); 
....................    output_bit(LCD_DATA6, bit_test(n, 2)); 
....................    output_bit(LCD_DATA7, bit_test(n, 3)); 
....................   #else       
....................    lcdlat.data = n; 
*
004B:  SWAPF  32,W
004C:  ANDLW  F0
004D:  MOVWF  77
004E:  MOVLW  0F
004F:  ANDWF  06,W
0050:  IORWF  77,W
0051:  MOVWF  06
....................   #endif 
....................        
....................    delay_cycles(1); 
0052:  NOP
....................    lcd_output_enable(1); 
0053:  BSF    09.0
0054:  BSF    03.5
0055:  BCF    09.0
....................    delay_us(2); 
0056:  GOTO   057
....................    lcd_output_enable(0); 
0057:  BCF    03.5
0058:  BCF    09.0
0059:  BSF    03.5
005A:  BCF    09.0
005B:  BCF    03.5
005C:  RETURN
.................... } 
....................  
.................... void lcd_send_byte(unsigned int8 address, unsigned int8 n) 
.................... { 
....................   #if defined(__PCB__) 
....................    set_tris_lcd(LCD_OUTPUT_MAP); 
....................   #else 
....................    lcd_enable_tris(); 
*
0063:  BSF    03.5
0064:  BCF    09.0
....................    lcd_rs_tris(); 
0065:  BCF    09.1
....................    lcd_rw_tris(); 
0066:  BCF    09.2
....................   #endif 
....................  
....................    lcd_output_rs(0); 
0067:  BCF    03.5
0068:  BCF    09.1
0069:  BSF    03.5
006A:  BCF    09.1
....................    while ( bit_test(lcd_read_byte(),7) ) ; 
*
0098:  MOVF   78,W
0099:  MOVWF  31
009A:  BTFSS  31.7
009B:  GOTO   09E
009C:  BSF    03.5
009D:  GOTO   06B
....................    lcd_output_rs(address); 
009E:  MOVF   2F,F
009F:  BTFSS  03.2
00A0:  GOTO   0A3
00A1:  BCF    09.1
00A2:  GOTO   0A4
00A3:  BSF    09.1
00A4:  BSF    03.5
00A5:  BCF    09.1
....................    delay_cycles(1); 
00A6:  NOP
....................    lcd_output_rw(0); 
00A7:  BCF    03.5
00A8:  BCF    09.2
00A9:  BSF    03.5
00AA:  BCF    09.2
....................    delay_cycles(1); 
00AB:  NOP
....................    lcd_output_enable(0); 
00AC:  BCF    03.5
00AD:  BCF    09.0
00AE:  BSF    03.5
00AF:  BCF    09.0
....................    lcd_send_nibble(n >> 4); 
00B0:  BCF    03.5
00B1:  SWAPF  30,W
00B2:  MOVWF  31
00B3:  MOVLW  0F
00B4:  ANDWF  31,F
00B5:  MOVF   31,W
00B6:  MOVWF  32
00B7:  CALL   04B
....................    lcd_send_nibble(n & 0xf); 
00B8:  MOVF   30,W
00B9:  ANDLW  0F
00BA:  MOVWF  31
00BB:  MOVWF  32
00BC:  CALL   04B
00BD:  RETURN
.................... } 
....................  
.................... #if defined(LCD_EXTENDED_NEWLINE) 
.................... unsigned int8 g_LcdX, g_LcdY; 
.................... #endif 
....................  
.................... void lcd_init(void)  
.................... { 
....................    unsigned int8 i; 
....................    unsigned int8 LCD_INIT_STRING[4] = {0x20 | (LCD_TYPE << 2), 0xc, 1, 6}; 
00BE:  MOVLW  28
00BF:  MOVWF  27
00C0:  MOVLW  0C
00C1:  MOVWF  28
00C2:  MOVLW  01
00C3:  MOVWF  29
00C4:  MOVLW  06
00C5:  MOVWF  2A
....................                              // These bytes need to be sent to the LCD 
....................                              // to start it up. 
....................     
....................  
....................    lcd_output_enable(0); 
00C6:  BCF    09.0
00C7:  BSF    03.5
00C8:  BCF    09.0
....................    lcd_output_rs(0); 
00C9:  BCF    03.5
00CA:  BCF    09.1
00CB:  BSF    03.5
00CC:  BCF    09.1
....................    lcd_output_rw(0); 
00CD:  BCF    03.5
00CE:  BCF    09.2
00CF:  BSF    03.5
00D0:  BCF    09.2
....................  
....................  #if defined(__PCB__) 
....................    set_tris_lcd(LCD_OUTPUT_MAP); 
....................  #else 
....................   #if (defined(LCD_DATA4) && defined(LCD_DATA5) && defined(LCD_DATA6) && defined(LCD_DATA7)) 
....................    output_drive(LCD_DATA4); 
....................    output_drive(LCD_DATA5); 
....................    output_drive(LCD_DATA6); 
....................    output_drive(LCD_DATA7); 
....................   #else 
....................    lcdtris.data = 0x0; 
00D1:  MOVLW  0F
00D2:  ANDWF  06,W
00D3:  MOVWF  06
....................   #endif 
....................    lcd_enable_tris(); 
00D4:  BCF    09.0
....................    lcd_rs_tris(); 
00D5:  BCF    09.1
....................    lcd_rw_tris(); 
00D6:  BCF    09.2
....................  #endif 
....................      
....................    delay_ms(15); 
00D7:  MOVLW  0F
00D8:  BCF    03.5
00D9:  MOVWF  2B
00DA:  CALL   036
....................    for(i=1;i<=3;++i) 
00DB:  MOVLW  01
00DC:  MOVWF  26
00DD:  MOVF   26,W
00DE:  SUBLW  03
00DF:  BTFSS  03.0
00E0:  GOTO   0E9
....................    { 
....................        lcd_send_nibble(3); 
00E1:  MOVLW  03
00E2:  MOVWF  32
00E3:  CALL   04B
....................        delay_ms(5); 
00E4:  MOVLW  05
00E5:  MOVWF  2B
00E6:  CALL   036
00E7:  INCF   26,F
00E8:  GOTO   0DD
....................    } 
....................     
....................    lcd_send_nibble(2); 
00E9:  MOVLW  02
00EA:  MOVWF  32
00EB:  CALL   04B
....................    delay_ms(5); 
00EC:  MOVLW  05
00ED:  MOVWF  2B
00EE:  CALL   036
....................    for(i=0;i<=3;++i) 
00EF:  CLRF   26
00F0:  MOVF   26,W
00F1:  SUBLW  03
00F2:  BTFSS  03.0
00F3:  GOTO   100
....................       lcd_send_byte(0,LCD_INIT_STRING[i]); 
00F4:  MOVLW  27
00F5:  ADDWF  26,W
00F6:  MOVWF  04
00F7:  BCF    03.7
00F8:  MOVF   00,W
00F9:  MOVWF  2B
00FA:  CLRF   2F
00FB:  MOVF   2B,W
00FC:  MOVWF  30
00FD:  CALL   063
....................  
....................   #if defined(LCD_EXTENDED_NEWLINE) 
00FE:  INCF   26,F
00FF:  GOTO   0F0
0100:  BCF    0A.3
0101:  BCF    0A.4
0102:  GOTO   27D (RETURN)
....................    g_LcdX = 0; 
....................    g_LcdY = 0; 
....................   #endif 
.................... } 
....................  
.................... void lcd_gotoxy(unsigned int8 x, unsigned int8 y) 
.................... { 
....................    unsigned int8 address; 
....................     
....................    if(y!=1) 
*
0106:  DECFSZ 2C,W
0107:  GOTO   109
0108:  GOTO   10C
....................       address=LCD_LINE_TWO; 
0109:  MOVLW  40
010A:  MOVWF  2D
010B:  GOTO   10D
....................    else 
....................       address=0; 
010C:  CLRF   2D
....................       
....................    address+=x-1; 
010D:  MOVLW  01
010E:  SUBWF  2B,W
010F:  ADDWF  2D,F
....................    lcd_send_byte(0,0x80|address); 
0110:  MOVF   2D,W
0111:  IORLW  80
0112:  MOVWF  2E
0113:  CLRF   2F
0114:  MOVF   2E,W
0115:  MOVWF  30
0116:  CALL   063
....................  
....................   #if defined(LCD_EXTENDED_NEWLINE) 
0117:  RETURN
....................    g_LcdX = x - 1; 
....................    g_LcdY = y - 1; 
....................   #endif 
.................... } 
....................  
.................... void lcd_putc(char c) 
.................... { 
....................    switch (c) 
0118:  MOVF   2A,W
0119:  XORLW  07
011A:  BTFSC  03.2
011B:  GOTO   126
011C:  XORLW  0B
011D:  BTFSC  03.2
011E:  GOTO   12B
011F:  XORLW  06
0120:  BTFSC  03.2
0121:  GOTO   133
0122:  XORLW  02
0123:  BTFSC  03.2
0124:  GOTO   139
0125:  GOTO   13E
....................    { 
....................       case '\a'   :  lcd_gotoxy(1,1);     break; 
0126:  MOVLW  01
0127:  MOVWF  2B
0128:  MOVWF  2C
0129:  CALL   106
012A:  GOTO   143
....................  
....................       case '\f'   :  lcd_send_byte(0,1); 
012B:  CLRF   2F
012C:  MOVLW  01
012D:  MOVWF  30
012E:  CALL   063
....................                      delay_ms(2); 
012F:  MOVLW  02
0130:  MOVWF  2B
0131:  CALL   036
....................                     #if defined(LCD_EXTENDED_NEWLINE) 
....................                      g_LcdX = 0; 
....................                      g_LcdY = 0; 
....................                     #endif 
....................                      break; 
0132:  GOTO   143
....................  
....................      #if defined(LCD_EXTENDED_NEWLINE) 
....................       case '\r'   :  lcd_gotoxy(1, g_LcdY+1);   break; 
....................       case '\n'   : 
....................          while (g_LcdX++ < LCD_LINE_LENGTH) 
....................          { 
....................             lcd_send_byte(1, ' '); 
....................          } 
....................          lcd_gotoxy(1, g_LcdY+2); 
....................          break; 
....................      #else 
....................       case '\n'   : lcd_gotoxy(1,2);        break; 
0133:  MOVLW  01
0134:  MOVWF  2B
0135:  MOVLW  02
0136:  MOVWF  2C
0137:  CALL   106
0138:  GOTO   143
....................      #endif 
....................       
....................       case '\b'   : lcd_send_byte(0,0x10);  break; 
0139:  CLRF   2F
013A:  MOVLW  10
013B:  MOVWF  30
013C:  CALL   063
013D:  GOTO   143
....................       
....................      #if defined(LCD_EXTENDED_NEWLINE) 
....................       default     :  
....................          if (g_LcdX < LCD_LINE_LENGTH) 
....................          { 
....................             lcd_send_byte(1, c); 
....................             g_LcdX++; 
....................          } 
....................          break; 
....................      #else 
....................       default     : lcd_send_byte(1,c);     break; 
013E:  MOVLW  01
013F:  MOVWF  2F
0140:  MOVF   2A,W
0141:  MOVWF  30
0142:  CALL   063
....................      #endif 
....................    } 
0143:  RETURN
.................... } 
....................   
.................... char lcd_getc(unsigned int8 x, unsigned int8 y) 
.................... { 
....................    char value; 
....................  
....................    lcd_gotoxy(x,y); 
....................    while ( bit_test(lcd_read_byte(),7) ); // wait until busy flag is low 
....................    lcd_output_rs(1); 
....................    value = lcd_read_byte(); 
....................    lcd_output_rs(0); 
....................     
....................    return(value); 
.................... } 
....................  
.................... // write a custom character to the ram 
.................... // which is 0-7 and specifies which character array we are modifying. 
.................... // ptr points to an array of 8 bytes, where each byte is the next row of 
.................... //    pixels.  only bits 0-4 are used.  the last row is the cursor row, and 
.................... //    usually you will want to leave this byte 0x00. 
.................... void lcd_set_cgram_char(unsigned int8 which, unsigned int8 *ptr) 
.................... { 
....................    unsigned int i; 
....................  
....................    which <<= 3; 
....................    which &= 0x38; 
....................  
....................    lcd_send_byte(0, 0x40 | which);  //set cgram address 
....................  
....................    for(i=0; i<8; i++) 
....................    { 
....................       lcd_send_byte(1, *ptr++); 
....................    } 
....................    
....................    #if defined(LCD_EXTENDED_NEWLINE) 
....................     lcd_gotoxy(g_LcdX+1, g_LcdY+1);  //set ddram address 
....................    #endif 
.................... } 
....................  
.................... void lcd_cursor_on(int1 on) 
.................... { 
....................    if (on) 
....................    { 
....................       lcd_send_byte(0,0x0F);           //turn LCD cursor ON 
....................    } 
....................    else 
....................    { 
....................       lcd_send_byte(0,0x0C);           //turn LCD cursor OFF 
....................    } 
.................... } 
....................  
.................... #endif 
....................  
.................... #include<KBD4X4.c> 
.................... /////////////////////////////////////////////////////////////////////////// 
.................... ////                             KBD4x4.C                                 //// 
.................... ////                  Generic keypad scan driver                       //// 
.................... ////                                                                   //// 
.................... ////  kbd_init()   Must be called before any other function.           //// 
.................... ////                                                                   //// 
.................... ////  c = kbd_getc(c)  Will return a key value if pressed or /0 if not //// 
.................... ////                   This function should be called frequently so as //// 
.................... ////                   not to miss a key press.                        //// 
.................... ////                                                                   //// 
.................... /////////////////////////////////////////////////////////////////////////// 
.................... ////        (C) Copyright 1996,2003 Custom Computer Services           //// 
.................... //// This source code may only be used by licensed users of the CCS C  //// 
.................... //// compiler.  This source code may only be distributed to other      //// 
.................... //// licensed users of the CCS C compiler.  No other use, reproduction //// 
.................... //// or distribution is permitted without written permission.          //// 
.................... //// Derivative programs created using this software in object code    //// 
.................... //// form are not restricted in any way.                               //// 
.................... /////////////////////////////////////////////////////////////////////////// 
....................  
.................... ////////////////// The following defines the keypad layout on port D 
....................  
.................... // Un-comment the following define to use port B 
.................... #define use_portb_kbd TRUE 
....................  
.................... // Make sure the port used has pull-up resistors (or the LCD) on 
.................... // the column pins 
....................  
.................... #if defined use_portb_kbd 
....................    #byte kbd = getenv("SFR:PORTB") 
.................... #else 
....................    #byte kbd = getenv("SFR:PORTD") 
.................... #endif 
....................  
.................... #if defined use_portb_kbd 
....................    #define set_tris_kbd(x) set_tris_b(x) 
.................... #else 
....................    #define set_tris_kbd(x) set_tris_d(x) 
.................... #endif 
....................  
.................... //Keypad connection:   (for example column 0 is B2) 
.................... //                Bx: 
....................  
.................... #ifdef blue_keypad  ///////////////////////////////////// For the blue keypad 
.................... #define COL0 (1 << 2) 
.................... #define COL1 (1 << 3) 
.................... #define COL2 (1 << 6) 
....................  
.................... #define ROW0 (1 << 4) 
.................... #define ROW1 (1 << 7) 
.................... #define ROW2 (1 << 1) 
.................... #define ROW3 (1 << 5) 
....................  
.................... #else ////////////////////////////////////////////////// For the black keypad 
.................... #define COL0 (1 << 4) 
.................... #define COL1 (1 << 5) 
.................... #define COL2 (1 << 6) 
.................... #define COL3 (1 << 7) 
....................  
....................  
.................... #define ROW0 (1 << 0) 
.................... #define ROW1 (1 << 1) 
.................... #define ROW2 (1 << 2) 
.................... #define ROW3 (1 << 3) 
....................  
.................... #endif 
....................  
.................... #define ALL_ROWS (ROW0|ROW1|ROW2|ROW3) 
.................... #define ALL_PINS (ALL_ROWS|COL0|COL1|COL2|COL3) 
....................  
.................... // Keypad layout: 
.................... char const KEYS[4][4] = {{'1','2','3','A'}, 
....................                          {'4','5','6','B'}, 
....................                          {'7','8','9','C'}, 
....................                          {'*','0','#','D'}}; 
....................  
.................... #define KBD_DEBOUNCE_FACTOR 33    // Set this number to apx n/333 where 
....................                                   // n is the number of times you expect 
....................                                   // to call kbd_getc each second 
....................  
....................  
.................... void kbd_init() { 
*
0103:  BCF    0A.3
0104:  BCF    0A.4
0105:  GOTO   27E (RETURN)
.................... } 
....................  
.................... char kbd_getc( ) { 
....................    static BYTE kbd_call_count; 
*
0277:  BCF    03.5
0278:  CLRF   20
....................    static int1 kbd_down; 
0279:  BCF    21.0
....................    static char last_key; 
027A:  CLRF   22
....................    static BYTE col; 
027B:  CLRF   23
....................  
....................    BYTE kchar; 
....................    BYTE row; 
....................  
....................    kchar='\0'; 
*
019C:  CLRF   26
....................    if(++kbd_call_count>KBD_DEBOUNCE_FACTOR) { 
019D:  INCF   20,F
019E:  MOVF   20,W
019F:  SUBLW  21
01A0:  BTFSC  03.0
01A1:  GOTO   1FC
....................        switch (col) { 
01A2:  MOVF   23,W
01A3:  ADDLW  FC
01A4:  BTFSC  03.0
01A5:  GOTO   1BF
01A6:  ADDLW  04
01A7:  GOTO   205
....................          case 0   : set_tris_kbd(ALL_PINS&~COL0); 
01A8:  MOVLW  EF
01A9:  BSF    03.5
01AA:  MOVWF  06
....................                     kbd=~COL0&ALL_PINS; 
01AB:  BCF    03.5
01AC:  MOVWF  06
....................                     break; 
01AD:  GOTO   1BF
....................          case 1   : set_tris_kbd(ALL_PINS&~COL1); 
01AE:  MOVLW  DF
01AF:  BSF    03.5
01B0:  MOVWF  06
....................                     kbd=~COL1&ALL_PINS; 
01B1:  BCF    03.5
01B2:  MOVWF  06
....................                     break; 
01B3:  GOTO   1BF
....................          case 2   : set_tris_kbd(ALL_PINS&~COL2); 
01B4:  MOVLW  BF
01B5:  BSF    03.5
01B6:  MOVWF  06
....................                     kbd=~COL2&ALL_PINS; 
01B7:  BCF    03.5
01B8:  MOVWF  06
....................                     break; 
01B9:  GOTO   1BF
....................  
....................    case 3   : set_tris_kbd(ALL_PINS&~COL3); 
01BA:  MOVLW  7F
01BB:  BSF    03.5
01BC:  MOVWF  06
....................                     kbd=~COL3&ALL_PINS; 
01BD:  BCF    03.5
01BE:  MOVWF  06
....................                     break; 
....................        } 
....................  
....................        if(kbd_down) { 
01BF:  BTFSS  21.0
01C0:  GOTO   1CB
....................          if((kbd & (ALL_ROWS))==(ALL_ROWS)) { 
01C1:  MOVF   06,W
01C2:  ANDLW  0F
01C3:  SUBLW  0F
01C4:  BTFSS  03.2
01C5:  GOTO   1CA
....................            kbd_down=FALSE; 
01C6:  BCF    21.0
....................            kchar=last_key; 
01C7:  MOVF   22,W
01C8:  MOVWF  26
....................            last_key='\0'; 
01C9:  CLRF   22
....................          } 
....................        } else { 
01CA:  GOTO   1FB
....................           if((kbd & (ALL_ROWS))!=(ALL_ROWS)) { 
01CB:  MOVF   06,W
01CC:  ANDLW  0F
01CD:  SUBLW  0F
01CE:  BTFSC  03.2
01CF:  GOTO   1F6
....................              if((kbd & ROW0)==0) 
01D0:  MOVF   06,W
01D1:  ANDLW  01
01D2:  BTFSS  03.2
01D3:  GOTO   1D6
....................                row=0; 
01D4:  CLRF   27
01D5:  GOTO   1EA
....................              else if((kbd & ROW1)==0) 
01D6:  MOVF   06,W
01D7:  ANDLW  02
01D8:  BTFSS  03.2
01D9:  GOTO   1DD
....................                row=1; 
01DA:  MOVLW  01
01DB:  MOVWF  27
01DC:  GOTO   1EA
....................              else if((kbd & ROW2)==0) 
01DD:  MOVF   06,W
01DE:  ANDLW  04
01DF:  BTFSS  03.2
01E0:  GOTO   1E4
....................                row=2; 
01E1:  MOVLW  02
01E2:  MOVWF  27
01E3:  GOTO   1EA
....................              else if((kbd & ROW3)==0) 
01E4:  MOVF   06,W
01E5:  ANDLW  08
01E6:  BTFSS  03.2
01E7:  GOTO   1EA
....................                row=3; 
01E8:  MOVLW  03
01E9:  MOVWF  27
....................              last_key =KEYS[row][col]; 
01EA:  RLF    27,W
01EB:  MOVWF  77
01EC:  RLF    77,F
01ED:  MOVLW  FC
01EE:  ANDWF  77,F
01EF:  MOVF   77,W
01F0:  ADDWF  23,W
01F1:  CALL   004
01F2:  MOVWF  78
01F3:  MOVWF  22
....................              kbd_down = TRUE; 
01F4:  BSF    21.0
....................           } else { 
01F5:  GOTO   1FB
....................              ++col; 
01F6:  INCF   23,F
....................              if(col==4) 
01F7:  MOVF   23,W
01F8:  SUBLW  04
01F9:  BTFSC  03.2
....................                col=0; 
01FA:  CLRF   23
....................           } 
....................        } 
....................       kbd_call_count=0; 
01FB:  CLRF   20
....................    } 
....................   set_tris_kbd(ALL_PINS); 
01FC:  MOVLW  FF
01FD:  BSF    03.5
01FE:  MOVWF  06
....................   return(kchar); 
01FF:  BCF    03.5
0200:  MOVF   26,W
0201:  MOVWF  78
0202:  BCF    0A.3
0203:  BCF    0A.4
0204:  GOTO   28E (RETURN)
.................... } 
....................  
....................  
.................... void main() 
*
0264:  MOVF   03,W
0265:  ANDLW  1F
0266:  MOVWF  03
0267:  MOVLW  19
0268:  BSF    03.5
0269:  MOVWF  19
026A:  MOVLW  A6
026B:  MOVWF  18
026C:  MOVLW  90
026D:  BCF    03.5
026E:  MOVWF  18
026F:  BSF    03.5
0270:  BSF    1F.0
0271:  BSF    1F.1
0272:  BSF    1F.2
0273:  BCF    1F.3
0274:  MOVLW  07
0275:  MOVWF  1C
0276:  BCF    03.7
.................... { 
....................     lcd_init(); 
*
027C:  GOTO   0BE
....................     kbd_init(); 
027D:  GOTO   103
....................     port_b_pullups(true); 
027E:  BSF    03.5
027F:  BCF    01.7
....................  
....................     lcd_gotoxy(2, 1); 
0280:  MOVLW  02
0281:  BCF    03.5
0282:  MOVWF  2B
0283:  MOVLW  01
0284:  MOVWF  2C
0285:  CALL   106
....................     printf(lcd_putc," INTERACCION RALU "); 
0286:  MOVLW  18
0287:  BSF    03.6
0288:  MOVWF  0D
0289:  MOVLW  00
028A:  MOVWF  0F
028B:  BCF    03.6
028C:  GOTO   144
....................  
....................     while (true) 
....................     { 
....................         char key = kbd_getc(); 
028D:  GOTO   19C
028E:  MOVF   78,W
028F:  MOVWF  24
....................  
....................         if (key != 0)  // Si Digitó el Dato 
0290:  MOVF   24,F
0291:  BTFSC  03.2
0292:  GOTO   2B3
....................         { 
....................             lcd_gotoxy(1, 2); 
0293:  MOVLW  01
0294:  MOVWF  2B
0295:  MOVLW  02
0296:  MOVWF  2C
0297:  CALL   106
....................             printf(lcd_putc,"Enviando: %c       ", key); 
0298:  MOVLW  22
0299:  BSF    03.6
029A:  MOVWF  0D
029B:  MOVLW  00
029C:  MOVWF  0F
029D:  BCF    03.0
029E:  MOVLW  0A
029F:  BCF    03.6
02A0:  MOVWF  26
02A1:  CALL   20D
02A2:  MOVF   24,W
02A3:  MOVWF  2A
02A4:  CALL   118
02A5:  MOVLW  28
02A6:  BSF    03.6
02A7:  MOVWF  0D
02A8:  MOVLW  00
02A9:  MOVWF  0F
02AA:  BCF    03.0
02AB:  MOVLW  07
02AC:  BCF    03.6
02AD:  MOVWF  26
02AE:  CALL   20D
....................             putc(key); 
02AF:  MOVF   24,W
02B0:  BTFSS  0C.4
02B1:  GOTO   2B0
02B2:  MOVWF  19
....................         } 
....................  
....................         if (kbhit())  // Si recibió el Dato 
02B3:  BTFSS  0C.5
02B4:  GOTO   2D5
....................         { 
....................             char received = getc(); 
02B5:  BTFSS  0C.5
02B6:  GOTO   2B5
02B7:  MOVF   1A,W
02B8:  MOVWF  25
....................             lcd_gotoxy(1, 2);  
02B9:  MOVLW  01
02BA:  MOVWF  2B
02BB:  MOVLW  02
02BC:  MOVWF  2C
02BD:  CALL   106
....................             printf(lcd_putc,"Recibido: %c       ", received); 
02BE:  MOVLW  2C
02BF:  BSF    03.6
02C0:  MOVWF  0D
02C1:  MOVLW  00
02C2:  MOVWF  0F
02C3:  BCF    03.0
02C4:  MOVLW  0A
02C5:  BCF    03.6
02C6:  MOVWF  26
02C7:  CALL   20D
02C8:  MOVF   25,W
02C9:  MOVWF  2A
02CA:  CALL   118
02CB:  MOVLW  32
02CC:  BSF    03.6
02CD:  MOVWF  0D
02CE:  MOVLW  00
02CF:  MOVWF  0F
02D0:  BCF    03.0
02D1:  MOVLW  07
02D2:  BCF    03.6
02D3:  MOVWF  26
02D4:  CALL   20D
....................         } 
02D5:  GOTO   28D
....................     } 
.................... } 
....................  
02D6:  SLEEP

Configuration Fuses:
   Word  1: 3F71   XT NOWDT PUT BROWNOUT NOLVP NOCPD NOWRT NODEBUG NOPROTECT
