
ROM used:   727/8192 (9%)
            727/8192 (9%) including unused fragments

            0.6 Average locations per line
            5.1 Average locations per statement

RAM used:   9/368 (2%) at main() level
            25/368 (7%) worst case

Stack used: 5 worst case (5 in main + 0 for interrupts)
Stack size: 8

Lines Stmts  %   Files
----- ----- ---  -----
   41    16  11  DoblePic.c
  671     0   0  C:\Program Files (x86)\PICC\Devices\16F877A.h
  456    84  59  lcdm.c
  141    43  30  KBD4X4.c
----- -----
 1309   143 Total

Page ROM  %  RAM   Vol Diff  Functions:
---- --- --- ---   --- ----  ----------
0     21   3    1             @delay_ms1
 Inline         3   596  5.9  lcd_read_byte
0      6   1    0    59  4.2  lcd_read_nibble
0     18   2    1   181  3.9  lcd_send_nibble
0     91  13    3   415  3.7  lcd_send_byte
0     69   9    6   770  7.2  lcd_init
0     18   2    4   208  6.3  lcd_gotoxy
0     44   6    1   354  4.7  lcd_putc
0     20   3    0             @const664
0      3   0    0     3  0.0  kbd_init
0    105  14    3  5853 10.1  kbd_getc
0      8   1    0             @goto10680
0    115  16    0   458  3.8  MAIN
0     10   1    0             @const680
0     88  12    4             @PSTRINGC7_651
0     10   1    0             @const683
0     87  12    5             @PSTRINGCN7_651
0     10   1    0             @const687
 Inline         0             @cinit1

Program metrics:
    Functions               10
    Statements              143
    Comments                253
    Volume (V)              11803
    Difficulty (D)          47.9
    Effort to implement (E) 565657
    Time to implement (T)   8 hours, 44 minutes
    Est Delivered Bugs (B)  2
    Cyclomatic Complexity   23
    Maintainability (MI)    140

 Segment     Used  Free
-----------  ----  ----
00000-00003     4  0  
00004-007FF   723  1321  
00800-00FFF     0  2048  
01000-017FF     0  2048  
01800-01FFF     0  2048  



